<?xml version="1.0" encoding="UTF-8"?>
<testsuites>
  <testsuite id="0" name="E:\www\test\4589b062-19ca-4df1-83e8-51803e21e743\src\tests\App.test.js" errors="0" package="E:\www\test\4589b062-19ca-4df1-83e8-51803e21e743\src\tests\App.test.js" hostname="localhost" tests="8" failures="0" time="2.981" timestamp="2020-07-21T23:26:07">
    <properties>
    </properties>
    <testcase classname="Form Validation &lt;App /&gt;" name="renders without crashing" time="0">
    </testcase>
    <testcase classname="Form Validation &lt;App /&gt;" name="check default message" time="0">
    </testcase>
    <testcase classname="Form Validation &lt;App /&gt;" name="check if all forms fields exist" time="0">
    </testcase>
    <testcase classname="Form Validation &lt;App /&gt;" name="check entire form validation when the form is valid" time="0">
    </testcase>
    <testcase classname="Form Validation &lt;App /&gt;" name="check entire form validation when the phone number is invalid" time="0">
    </testcase>
    <testcase classname="Form Validation &lt;App /&gt;" name="check entire form validation when the email is invalid" time="0">
    </testcase>
    <testcase classname="Form Validation &lt;App /&gt;" name="check entire form validation when the url is invalid" time="0">
    </testcase>
    <testcase classname="Form Validation &lt;App /&gt;" name="check form validation when the entire form is invalid" time="0">
    </testcase>
    <system-out/>
    <system-err/>
  </testsuite>
</testsuites>